::1 - - [04/Jan/2026:11:04:31 +0000] "POST /api/v1/auth/register HTTP/1.1" 500 - "-" "Mozilla/5.0 (Macintosh; Intel Mac OS X 10_15_7) AppleWebKit/537.36 (KHTML, like Gecko) Chrome/143.0.0.0 Safari/537.36"
::1 - - [04/Jan/2026:11:05:32 +0000] "POST /api/v1/auth/register HTTP/1.1" 401 - "-" "Mozilla/5.0 (Macintosh; Intel Mac OS X 10_15_7) AppleWebKit/537.36 (KHTML, like Gecko) Chrome/143.0.0.0 Safari/537.36"
::1 - - [04/Jan/2026:11:05:32 +0000] "POST /api/v1/auth/register HTTP/1.1" 401 - "-" "Mozilla/5.0 (Macintosh; Intel Mac OS X 10_15_7) AppleWebKit/537.36 (KHTML, like Gecko) Chrome/143.0.0.0 Safari/537.36"
::1 - - [04/Jan/2026:11:05:38 +0000] "POST /api/v1/auth/register HTTP/1.1" 401 - "-" "Mozilla/5.0 (Macintosh; Intel Mac OS X 10_15_7) AppleWebKit/537.36 (KHTML, like Gecko) Chrome/143.0.0.0 Safari/537.36"
::1 - - [04/Jan/2026:11:05:38 +0000] "POST /api/v1/auth/register HTTP/1.1" 401 - "-" "Mozilla/5.0 (Macintosh; Intel Mac OS X 10_15_7) AppleWebKit/537.36 (KHTML, like Gecko) Chrome/143.0.0.0 Safari/537.36"
::1 - - [04/Jan/2026:11:05:46 +0000] "POST /api/v1/auth/register HTTP/1.1" 401 - "-" "Mozilla/5.0 (Macintosh; Intel Mac OS X 10_15_7) AppleWebKit/537.36 (KHTML, like Gecko) Chrome/143.0.0.0 Safari/537.36"
::1 - - [04/Jan/2026:11:05:46 +0000] "POST /api/v1/auth/register HTTP/1.1" 401 - "-" "Mozilla/5.0 (Macintosh; Intel Mac OS X 10_15_7) AppleWebKit/537.36 (KHTML, like Gecko) Chrome/143.0.0.0 Safari/537.36"
::1 - - [04/Jan/2026:11:05:55 +0000] "POST /api/v1/auth/register HTTP/1.1" 401 - "-" "Mozilla/5.0 (Macintosh; Intel Mac OS X 10_15_7) AppleWebKit/537.36 (KHTML, like Gecko) Chrome/143.0.0.0 Safari/537.36"
::1 - - [04/Jan/2026:11:05:55 +0000] "POST /api/v1/auth/register HTTP/1.1" 401 - "-" "Mozilla/5.0 (Macintosh; Intel Mac OS X 10_15_7) AppleWebKit/537.36 (KHTML, like Gecko) Chrome/143.0.0.0 Safari/537.36"
::1 - - [04/Jan/2026:11:06:06 +0000] "POST /api/v1/auth/register HTTP/1.1" 401 - "-" "Mozilla/5.0 (Macintosh; Intel Mac OS X 10_15_7) AppleWebKit/537.36 (KHTML, like Gecko) Chrome/143.0.0.0 Safari/537.36"
::1 - - [04/Jan/2026:11:06:06 +0000] "POST /api/v1/auth/register HTTP/1.1" 401 - "-" "Mozilla/5.0 (Macintosh; Intel Mac OS X 10_15_7) AppleWebKit/537.36 (KHTML, like Gecko) Chrome/143.0.0.0 Safari/537.36"
::1 - - [04/Jan/2026:11:06:11 +0000] "POST /api/v1/auth/register HTTP/1.1" 401 - "-" "Mozilla/5.0 (Macintosh; Intel Mac OS X 10_15_7) AppleWebKit/537.36 (KHTML, like Gecko) Chrome/143.0.0.0 Safari/537.36"
::1 - - [04/Jan/2026:11:06:11 +0000] "POST /api/v1/auth/register HTTP/1.1" 401 - "-" "Mozilla/5.0 (Macintosh; Intel Mac OS X 10_15_7) AppleWebKit/537.36 (KHTML, like Gecko) Chrome/143.0.0.0 Safari/537.36"
::1 - - [04/Jan/2026:11:06:12 +0000] "POST /api/v1/auth/register HTTP/1.1" 401 - "-" "Mozilla/5.0 (Macintosh; Intel Mac OS X 10_15_7) AppleWebKit/537.36 (KHTML, like Gecko) Chrome/143.0.0.0 Safari/537.36"
::1 - - [04/Jan/2026:11:10:02 +0000] "POST /api/v1/auth/register HTTP/1.1" 401 - "-" "PostmanRuntime/7.49.1"
::1 - - [04/Jan/2026:11:10:07 +0000] "POST /api/v1/auth/register HTTP/1.1" 401 - "-" "PostmanRuntime/7.49.1"
::1 - - [04/Jan/2026:11:10:34 +0000] "POST /api/v1/auth/register HTTP/1.1" 401 - "-" "PostmanRuntime/7.49.1"
::1 - - [04/Jan/2026:11:11:45 +0000] "POST /api/v1/auth/register HTTP/1.1" 500 - "-" "PostmanRuntime/7.49.1"
::1 - - [04/Jan/2026:11:13:46 +0000] "POST /api/v1/auth/register HTTP/1.1" 401 - "-" "PostmanRuntime/7.49.1"
::1 - - [04/Jan/2026:11:13:59 +0000] "POST /api/v1/auth/register HTTP/1.1" 401 - "-" "PostmanRuntime/7.49.1"
::1 - - [04/Jan/2026:11:17:23 +0000] "POST /api/v1/auth/register HTTP/1.1" 401 - "-" "PostmanRuntime/7.49.1"
::1 - - [04/Jan/2026:11:18:14 +0000] "POST /api/v1/auth/register HTTP/1.1" 500 - "-" "PostmanRuntime/7.49.1"
::1 - - [04/Jan/2026:11:18:54 +0000] "POST /api/v1/auth/register HTTP/1.1" 500 - "-" "PostmanRuntime/7.49.1"
::1 - - [04/Jan/2026:11:19:39 +0000] "POST /api/v1/auth/register HTTP/1.1" 500 - "-" "PostmanRuntime/7.49.1"
::1 - - [04/Jan/2026:11:20:21 +0000] "POST /api/v1/auth/register HTTP/1.1" 500 - "-" "PostmanRuntime/7.49.1"
::1 - - [04/Jan/2026:11:21:19 +0000] "POST /api/v1/auth/register HTTP/1.1" 500 - "-" "PostmanRuntime/7.49.1"
::1 - - [04/Jan/2026:11:25:53 +0000] "POST /api/v1/auth/register HTTP/1.1" 500 - "-" "PostmanRuntime/7.49.1"
::1 - - [04/Jan/2026:11:27:38 +0000] "POST /api/v1/auth/register HTTP/1.1" 401 - "-" "PostmanRuntime/7.49.1"
::1 - - [04/Jan/2026:11:28:05 +0000] "POST /api/v1/auth/register HTTP/1.1" 500 - "-" "PostmanRuntime/7.49.1"
::1 - - [04/Jan/2026:11:29:27 +0000] "POST /api/v1/auth/register HTTP/1.1" 401 - "-" "PostmanRuntime/7.49.1"
::1 - - [04/Jan/2026:11:29:46 +0000] "POST /api/v1/auth/register HTTP/1.1" 500 - "-" "PostmanRuntime/7.49.1"
::1 - - [04/Jan/2026:11:30:24 +0000] "POST /api/v1/auth/register HTTP/1.1" 500 - "-" "PostmanRuntime/7.49.1"
::1 - - [04/Jan/2026:11:30:36 +0000] "POST /api/v1/auth/register HTTP/1.1" 500 - "-" "PostmanRuntime/7.49.1"
::1 - - [04/Jan/2026:11:32:30 +0000] "POST /api/v1/auth/register HTTP/1.1" 400 133 "-" "PostmanRuntime/7.49.1"
::1 - - [04/Jan/2026:11:32:47 +0000] "POST /api/v1/auth/register HTTP/1.1" 401 73 "-" "PostmanRuntime/7.49.1"
::1 - - [04/Jan/2026:11:32:51 +0000] "POST /api/v1/auth/register HTTP/1.1" 401 73 "-" "PostmanRuntime/7.49.1"
::1 - - [04/Jan/2026:11:32:59 +0000] "POST /api/v1/auth/register HTTP/1.1" 400 133 "-" "PostmanRuntime/7.49.1"
::1 - - [04/Jan/2026:11:33:24 +0000] "POST /api/v1/auth/register HTTP/1.1" 400 184 "-" "PostmanRuntime/7.49.1"
::1 - - [04/Jan/2026:11:33:31 +0000] "POST /api/v1/auth/register HTTP/1.1" 201 187 "-" "PostmanRuntime/7.49.1"
::1 - - [04/Jan/2026:11:35:43 +0000] "POST /api/v1/auth/register HTTP/1.1" 400 143 "-" "PostmanRuntime/7.49.1"
::1 - - [09/Jan/2026:06:32:08 +0000] "POST /api/v1/auth/register HTTP/1.1" 404 160 "-" "PostmanRuntime/7.51.0"
::1 - - [09/Jan/2026:07:56:20 +0000] "POST /api/v1/auth/register HTTP/1.1" 404 160 "-" "PostmanRuntime/7.51.0"
::1 - - [09/Jan/2026:07:56:22 +0000] "POST /api/v1/auth/register HTTP/1.1" 404 160 "-" "PostmanRuntime/7.51.0"
::1 - - [09/Jan/2026:07:56:52 +0000] "POST /api/v1/auth/register HTTP/1.1" 500 - "-" "PostmanRuntime/7.51.0"
::1 - - [09/Jan/2026:07:58:12 +0000] "POST /api/v1/auth/register HTTP/1.1" 404 - "-" "PostmanRuntime/7.51.0"
::1 - - [09/Jan/2026:07:58:24 +0000] "POST /api/v1/auth/register HTTP/1.1" 404 96 "-" "PostmanRuntime/7.51.0"
::1 - - [09/Jan/2026:09:49:49 +0000] "POST /api/v1/auth/register HTTP/1.1" 500 106 "-" "PostmanRuntime/7.51.0"
::1 - - [09/Jan/2026:09:50:51 +0000] "POST /api/v1/auth/register HTTP/1.1" 500 106 "-" "PostmanRuntime/7.51.0"
::1 - - [09/Jan/2026:09:50:53 +0000] "POST /api/v1/auth/register HTTP/1.1" 500 106 "-" "PostmanRuntime/7.51.0"
::1 - - [09/Jan/2026:09:50:54 +0000] "POST /api/v1/auth/register HTTP/1.1" 500 106 "-" "PostmanRuntime/7.51.0"
::1 - - [09/Jan/2026:09:58:01 +0000] "POST /api/v1/auth/register HTTP/1.1" 401 73 "-" "PostmanRuntime/7.51.0"
::1 - - [09/Jan/2026:09:58:10 +0000] "POST /api/v1/auth/register HTTP/1.1" 500 70 "-" "PostmanRuntime/7.51.0"
::1 - - [09/Jan/2026:09:59:25 +0000] "POST /api/v1/auth/register HTTP/1.1" 500 70 "-" "PostmanRuntime/7.51.0"
::1 - - [09/Jan/2026:10:00:16 +0000] "POST /api/v1/auth/register HTTP/1.1" 500 106 "-" "PostmanRuntime/7.51.0"
::1 - - [09/Jan/2026:10:00:19 +0000] "POST /api/v1/auth/register HTTP/1.1" 500 106 "-" "PostmanRuntime/7.51.0"
::1 - - [09/Jan/2026:10:00:20 +0000] "POST /api/v1/auth/register HTTP/1.1" 500 106 "-" "PostmanRuntime/7.51.0"
::1 - - [09/Jan/2026:10:00:21 +0000] "POST /api/v1/auth/register HTTP/1.1" 500 106 "-" "PostmanRuntime/7.51.0"
::1 - - [09/Jan/2026:10:00:22 +0000] "POST /api/v1/auth/register HTTP/1.1" 500 106 "-" "PostmanRuntime/7.51.0"
::1 - - [09/Jan/2026:10:01:13 +0000] "POST /api/v1/auth/register HTTP/1.1" 500 106 "-" "PostmanRuntime/7.51.0"
::1 - - [09/Jan/2026:10:01:48 +0000] "POST /api/v1/auth/registerjkl HTTP/1.1" 404 99 "-" "PostmanRuntime/7.51.0"
::1 - - [09/Jan/2026:10:02:13 +0000] "POST /api/v1/auth/register HTTP/1.1" 500 106 "-" "PostmanRuntime/7.51.0"
::1 - - [09/Jan/2026:10:02:14 +0000] "POST /api/v1/auth/register HTTP/1.1" 500 106 "-" "PostmanRuntime/7.51.0"
::1 - - [09/Jan/2026:10:16:41 +0000] "POST /api/v1/auth/register HTTP/1.1" 500 70 "-" "PostmanRuntime/7.51.0"
::1 - - [09/Jan/2026:10:17:28 +0000] "POST /api/v1/auth/register HTTP/1.1" 500 70 "-" "PostmanRuntime/7.51.0"
::1 - - [09/Jan/2026:10:17:29 +0000] "POST /api/v1/auth/register HTTP/1.1" 500 70 "-" "PostmanRuntime/7.51.0"
::1 - - [09/Jan/2026:10:17:53 +0000] "POST /api/v1/auth/register HTTP/1.1" 500 70 "-" "PostmanRuntime/7.51.0"
::1 - - [09/Jan/2026:10:17:54 +0000] "POST /api/v1/auth/register HTTP/1.1" 500 70 "-" "PostmanRuntime/7.51.0"
::1 - - [09/Jan/2026:10:17:55 +0000] "POST /api/v1/auth/register HTTP/1.1" - - "-" "PostmanRuntime/7.51.0"
::1 - - [09/Jan/2026:10:30:10 +0000] "POST /api/v1/auth/register HTTP/1.1" 500 70 "-" "PostmanRuntime/7.51.0"
::1 - - [09/Jan/2026:10:30:51 +0000] "POST /api/v1/auth/register HTTP/1.1" 500 70 "-" "PostmanRuntime/7.51.0"
::1 - - [09/Jan/2026:10:32:08 +0000] "POST /api/v1/auth/register HTTP/1.1" 500 70 "-" "PostmanRuntime/7.51.0"
::1 - - [09/Jan/2026:10:32:49 +0000] "POST /api/v1/auth/register HTTP/1.1" 500 70 "-" "PostmanRuntime/7.51.0"
::1 - - [09/Jan/2026:10:33:04 +0000] "POST /api/v1/auth/register HTTP/1.1" 500 70 "-" "PostmanRuntime/7.51.0"
::1 - - [09/Jan/2026:10:33:23 +0000] "POST /api/v1/auth/register HTTP/1.1" 500 70 "-" "PostmanRuntime/7.51.0"
::1 - - [09/Jan/2026:10:35:24 +0000] "POST /api/v1/auth/register HTTP/1.1" 500 70 "-" "PostmanRuntime/7.51.0"
::1 - - [09/Jan/2026:10:37:14 +0000] "POST /api/v1/auth/register HTTP/1.1" 500 70 "-" "PostmanRuntime/7.51.0"
::1 - - [09/Jan/2026:10:37:15 +0000] "POST /api/v1/auth/register HTTP/1.1" 500 70 "-" "PostmanRuntime/7.51.0"
::1 - - [09/Jan/2026:10:37:28 +0000] "POST /api/v1/auth/register HTTP/1.1" 500 70 "-" "PostmanRuntime/7.51.0"
::1 - - [09/Jan/2026:10:37:29 +0000] "POST /api/v1/auth/register HTTP/1.1" 500 70 "-" "PostmanRuntime/7.51.0"
::1 - - [09/Jan/2026:10:37:29 +0000] "POST /api/v1/auth/register HTTP/1.1" - - "-" "PostmanRuntime/7.51.0"
::1 - - [09/Jan/2026:10:37:30 +0000] "POST /api/v1/auth/register HTTP/1.1" - - "-" "PostmanRuntime/7.51.0"
::1 - - [09/Jan/2026:10:37:30 +0000] "POST /api/v1/auth/register HTTP/1.1" - - "-" "PostmanRuntime/7.51.0"
::1 - - [09/Jan/2026:10:37:31 +0000] "POST /api/v1/auth/register HTTP/1.1" - - "-" "PostmanRuntime/7.51.0"
::1 - - [09/Jan/2026:10:37:31 +0000] "POST /api/v1/auth/register HTTP/1.1" 500 70 "-" "PostmanRuntime/7.51.0"
::1 - - [09/Jan/2026:10:37:32 +0000] "POST /api/v1/auth/register HTTP/1.1" - - "-" "PostmanRuntime/7.51.0"
::1 - - [09/Jan/2026:10:37:33 +0000] "POST /api/v1/auth/register HTTP/1.1" - - "-" "PostmanRuntime/7.51.0"
::1 - - [09/Jan/2026:10:37:49 +0000] "POST /api/v1/auth/register HTTP/1.1" 500 - "-" "PostmanRuntime/7.51.0"
::1 - - [09/Jan/2026:10:42:44 +0000] "POST /api/v1/auth/register HTTP/1.1" 500 114 "-" "PostmanRuntime/7.51.0"
::1 - - [09/Jan/2026:10:43:10 +0000] "POST /api/v1/auth/register HTTP/1.1" 500 943 "-" "PostmanRuntime/7.51.0"
::1 - - [09/Jan/2026:10:43:28 +0000] "POST /api/v1/auth/register HTTP/1.1" 500 943 "-" "PostmanRuntime/7.51.0"
::1 - - [09/Jan/2026:10:44:02 +0000] "POST /api/v1/auth/register HTTP/1.1" 500 943 "-" "PostmanRuntime/7.51.0"
::1 - - [09/Jan/2026:10:46:52 +0000] "POST /api/v1/auth/register HTTP/1.1" 400 - "-" "PostmanRuntime/7.51.0"
::1 - - [09/Jan/2026:10:47:04 +0000] "POST /api/v1/auth/register HTTP/1.1" 500 646 "-" "PostmanRuntime/7.51.0"
::1 - - [09/Jan/2026:10:47:27 +0000] "POST /api/v1/auth/register HTTP/1.1" 400 - "-" "PostmanRuntime/7.51.0"
::1 - - [10/Jan/2026:02:24:01 +0000] "POST /api/v1/auth/register HTTP/1.1" 400 - "-" "PostmanRuntime/7.51.0"
::1 - - [10/Jan/2026:02:24:26 +0000] "POST /api/v1/auth/register HTTP/1.1" 500 646 "-" "PostmanRuntime/7.51.0"
::1 - - [10/Jan/2026:02:26:27 +0000] "POST /api/v1/auth/register HTTP/1.1" 500 646 "-" "PostmanRuntime/7.51.0"
::1 - - [10/Jan/2026:02:28:11 +0000] "POST /api/v1/auth/register HTTP/1.1" 201 357 "-" "PostmanRuntime/7.51.0"
::1 - - [10/Jan/2026:02:29:47 +0000] "POST /api/v1/auth/register HTTP/1.1" 201 310 "-" "PostmanRuntime/7.51.0"
::1 - - [10/Jan/2026:02:33:21 +0000] "POST /api/v1/auth/register HTTP/1.1" 201 335 "-" "PostmanRuntime/7.51.0"
::1 - - [10/Jan/2026:02:35:13 +0000] "POST /api/v1/auth/register HTTP/1.1" 400 - "-" "PostmanRuntime/7.51.0"
::1 - - [10/Jan/2026:02:35:45 +0000] "POST /api/v1/auth/register HTTP/1.1" 201 335 "-" "PostmanRuntime/7.51.0"
::1 - - [10/Jan/2026:02:36:03 +0000] "POST /api/v1/auth/register HTTP/1.1" 400 - "-" "PostmanRuntime/7.51.0"
::1 - - [10/Jan/2026:02:36:39 +0000] "POST /api/v1/auth/register HTTP/1.1" 400 - "-" "PostmanRuntime/7.51.0"
::1 - - [10/Jan/2026:02:37:28 +0000] "POST /api/v1/auth/register HTTP/1.1" 400 - "-" "PostmanRuntime/7.51.0"
::1 - - [10/Jan/2026:02:38:19 +0000] "POST /api/v1/auth/register HTTP/1.1" 400 - "-" "PostmanRuntime/7.51.0"
::1 - - [10/Jan/2026:02:39:11 +0000] "POST /api/v1/auth/register HTTP/1.1" 400 - "-" "PostmanRuntime/7.51.0"
::1 - - [10/Jan/2026:02:39:44 +0000] "POST /api/v1/auth/register HTTP/1.1" 400 164 "-" "PostmanRuntime/7.51.0"
::1 - - [10/Jan/2026:02:40:52 +0000] "POST /api/v1/auth/register HTTP/1.1" 400 - "-" "PostmanRuntime/7.51.0"
::1 - - [10/Jan/2026:02:41:33 +0000] "POST /api/v1/auth/register HTTP/1.1" 400 - "-" "PostmanRuntime/7.51.0"
::1 - - [10/Jan/2026:02:41:43 +0000] "POST /api/v1/auth/register HTTP/1.1" 201 335 "-" "PostmanRuntime/7.51.0"
::1 - - [10/Jan/2026:02:49:33 +0000] "POST /api/v1/auth/login HTTP/1.1" 500 768 "-" "PostmanRuntime/7.51.0"
::1 - - [10/Jan/2026:02:49:50 +0000] "POST /api/v1/auth/login HTTP/1.1" 500 768 "-" "PostmanRuntime/7.51.0"
::1 - - [10/Jan/2026:02:50:31 +0000] "POST /api/v1/auth/login HTTP/1.1" 500 765 "-" "PostmanRuntime/7.51.0"
::1 - - [10/Jan/2026:02:54:27 +0000] "POST /api/v1/auth/login HTTP/1.1" 500 765 "-" "PostmanRuntime/7.51.0"
::1 - - [10/Jan/2026:02:54:55 +0000] "POST /api/v1/auth/login HTTP/1.1" 200 321 "-" "PostmanRuntime/7.51.0"
::1 - - [10/Jan/2026:02:56:15 +0000] "POST /api/v1/auth/register HTTP/1.1" 400 - "-" "PostmanRuntime/7.51.0"
::1 - - [10/Jan/2026:02:56:29 +0000] "POST /api/v1/auth/register HTTP/1.1" 400 - "-" "PostmanRuntime/7.51.0"
::1 - - [10/Jan/2026:02:56:39 +0000] "POST /api/v1/auth/register HTTP/1.1" 400 - "-" "PostmanRuntime/7.51.0"
::1 - - [10/Jan/2026:02:57:08 +0000] "POST /api/v1/auth/register HTTP/1.1" 400 - "-" "PostmanRuntime/7.51.0"
::1 - - [10/Jan/2026:02:57:23 +0000] "POST /api/v1/auth/register HTTP/1.1" 201 328 "-" "PostmanRuntime/7.51.0"
::1 - - [10/Jan/2026:03:06:22 +0000] "POST /api/v1/auth/register HTTP/1.1" 201 328 "-" "PostmanRuntime/7.51.0"
::1 - - [10/Jan/2026:03:13:13 +0000] "POST /api/v1/auth/register HTTP/1.1" 201 328 "-" "PostmanRuntime/7.51.0"
::1 - - [10/Jan/2026:03:20:15 +0000] "POST /api/v1/auth/register HTTP/1.1" 400 - "-" "PostmanRuntime/7.51.0"
::1 - - [10/Jan/2026:03:20:21 +0000] "POST /api/v1/auth/register HTTP/1.1" 400 - "-" "PostmanRuntime/7.51.0"
::1 - - [10/Jan/2026:03:24:41 +0000] "POST /api/v1/auth/register HTTP/1.1" 400 - "-" "PostmanRuntime/7.51.0"
::1 - - [10/Jan/2026:03:24:57 +0000] "POST /api/v1/auth/register HTTP/1.1" 400 - "-" "PostmanRuntime/7.51.0"
::1 - - [10/Jan/2026:03:25:14 +0000] "POST /api/v1/auth/register HTTP/1.1" 201 314 "-" "PostmanRuntime/7.51.0"
::1 - - [10/Jan/2026:03:25:46 +0000] "POST /api/v1/auth/register HTTP/1.1" 201 306 "-" "PostmanRuntime/7.51.0"
::1 - - [10/Jan/2026:03:26:27 +0000] "POST /api/v1/auth/login HTTP/1.1" 200 321 "-" "PostmanRuntime/7.51.0"
::1 - - [10/Jan/2026:03:26:57 +0000] "POST /api/v1/auth/login HTTP/1.1" 500 - "-" "PostmanRuntime/7.51.0"
::1 - - [10/Jan/2026:03:27:15 +0000] "POST /api/v1/auth/login HTTP/1.1" 500 765 "-" "PostmanRuntime/7.51.0"
::1 - - [10/Jan/2026:03:27:24 +0000] "POST /api/v1/auth/login HTTP/1.1" 500 765 "-" "PostmanRuntime/7.51.0"
::1 - - [10/Jan/2026:07:34:18 +0000] "POST /api/v1/auth/register HTTP/1.1" 400 - "-" "PostmanRuntime/7.51.0"
::1 - - [10/Jan/2026:07:34:38 +0000] "POST /api/v1/auth/register HTTP/1.1" 400 - "-" "PostmanRuntime/7.51.0"
::1 - - [10/Jan/2026:07:34:46 +0000] "POST /api/v1/auth/register HTTP/1.1" 400 - "-" "PostmanRuntime/7.51.0"
::1 - - [10/Jan/2026:07:35:29 +0000] "POST /api/v1/auth/register HTTP/1.1" 400 - "-" "PostmanRuntime/7.51.0"
::1 - - [10/Jan/2026:07:35:37 +0000] "POST /api/v1/auth/register HTTP/1.1" 400 - "-" "PostmanRuntime/7.51.0"
::1 - - [10/Jan/2026:07:35:41 +0000] "POST /api/v1/auth/register HTTP/1.1" 400 - "-" "PostmanRuntime/7.51.0"
::1 - - [10/Jan/2026:07:35:47 +0000] "POST /api/v1/auth/register HTTP/1.1" 400 - "-" "PostmanRuntime/7.51.0"
::1 - - [10/Jan/2026:12:39:34 +0000] "POST /api/v1/auth/login HTTP/1.1" 200 321 "-" "PostmanRuntime/7.51.0"
::1 - - [10/Jan/2026:12:40:54 +0000] "POST /api/v1/budgets/categories HTTP/1.1" 401 - "-" "PostmanRuntime/7.51.0"
::1 - - [10/Jan/2026:12:41:39 +0000] "POST /api/v1/budgets/categories HTTP/1.1" 201 129 "-" "PostmanRuntime/7.51.0"
::1 - - [10/Jan/2026:12:43:41 +0000] "POST /api/v1/budgets/categories HTTP/1.1" 201 129 "-" "PostmanRuntime/7.51.0"
::1 - - [10/Jan/2026:12:44:58 +0000] "POST /api/v1/budgets/categories HTTP/1.1" 201 129 "-" "PostmanRuntime/7.51.0"
::1 - - [10/Jan/2026:12:45:00 +0000] "POST /api/v1/budgets/categories HTTP/1.1" 400 - "-" "PostmanRuntime/7.51.0"
::1 - - [10/Jan/2026:12:45:58 +0000] "POST /api/v1/budgets/categories HTTP/1.1" 201 123 "-" "PostmanRuntime/7.51.0"
::1 - - [10/Jan/2026:12:56:59 +0000] "POST /api/v1/budgets/categories HTTP/1.1" 201 139 "-" "PostmanRuntime/7.51.0"
::1 - - [10/Jan/2026:12:58:44 +0000] "POST /api/v1/budgets/categories HTTP/1.1" 400 - "-" "PostmanRuntime/7.51.0"
::1 - - [10/Jan/2026:12:58:53 +0000] "POST /api/v1/budgets/categories HTTP/1.1" 400 - "-" "PostmanRuntime/7.51.0"
::1 - - [10/Jan/2026:12:59:20 +0000] "POST /api/v1/budgets/categories HTTP/1.1" 400 - "-" "PostmanRuntime/7.51.0"
::1 - - [10/Jan/2026:12:59:42 +0000] "POST /api/v1/budgets/categories HTTP/1.1" 400 - "-" "PostmanRuntime/7.51.0"
::1 - - [10/Jan/2026:13:00:33 +0000] "POST /api/v1/budgets/categories HTTP/1.1" 400 - "-" "PostmanRuntime/7.51.0"
::1 - - [10/Jan/2026:13:00:34 +0000] "POST /api/v1/budgets/categories HTTP/1.1" 400 - "-" "PostmanRuntime/7.51.0"
::1 - - [10/Jan/2026:13:00:49 +0000] "POST /api/v1/budgets/categories HTTP/1.1" 400 - "-" "PostmanRuntime/7.51.0"
::1 - - [10/Jan/2026:13:01:34 +0000] "POST /api/v1/budgets/categories HTTP/1.1" 400 - "-" "PostmanRuntime/7.51.0"
::1 - - [10/Jan/2026:13:01:39 +0000] "POST /api/v1/budgets/categories HTTP/1.1" 400 - "-" "PostmanRuntime/7.51.0"
::1 - - [10/Jan/2026:13:02:02 +0000] "POST /api/v1/budgets/categories HTTP/1.1" 400 - "-" "PostmanRuntime/7.51.0"
::1 - - [10/Jan/2026:13:03:06 +0000] "POST /api/v1/budgets/categories HTTP/1.1" 400 - "-" "PostmanRuntime/7.51.0"
::1 - - [10/Jan/2026:13:03:08 +0000] "POST /api/v1/budgets/categories HTTP/1.1" 400 - "-" "PostmanRuntime/7.51.0"
::1 - - [10/Jan/2026:13:03:09 +0000] "POST /api/v1/budgets/categories HTTP/1.1" - - "-" "PostmanRuntime/7.51.0"
::1 - - [10/Jan/2026:13:03:09 +0000] "POST /api/v1/budgets/categories HTTP/1.1" - - "-" "PostmanRuntime/7.51.0"
::1 - - [10/Jan/2026:13:06:46 +0000] "POST /api/v1/budgets/categories HTTP/1.1" 400 - "-" "PostmanRuntime/7.51.0"
::1 - - [10/Jan/2026:13:07:09 +0000] "POST /api/v1/budgets/categories HTTP/1.1" 400 - "-" "PostmanRuntime/7.51.0"
::1 - - [10/Jan/2026:13:10:02 +0000] "POST /api/v1/budgets/categories HTTP/1.1" 201 142 "-" "PostmanRuntime/7.51.0"
::1 - - [10/Jan/2026:13:10:12 +0000] "POST /api/v1/budgets/categories HTTP/1.1" 400 - "-" "PostmanRuntime/7.51.0"
::1 - - [10/Jan/2026:13:11:39 +0000] "POST /api/v1/budgets/categories HTTP/1.1" 400 - "-" "PostmanRuntime/7.51.0"
::1 - - [10/Jan/2026:13:11:44 +0000] "POST /api/v1/budgets/categories HTTP/1.1" 400 - "-" "PostmanRuntime/7.51.0"
::1 - - [10/Jan/2026:13:11:45 +0000] "POST /api/v1/budgets/categories HTTP/1.1" 400 - "-" "PostmanRuntime/7.51.0"
::1 - - [10/Jan/2026:13:11:46 +0000] "POST /api/v1/budgets/categories HTTP/1.1" - - "-" "PostmanRuntime/7.51.0"
::1 - - [10/Jan/2026:13:11:46 +0000] "POST /api/v1/budgets/categories HTTP/1.1" - - "-" "PostmanRuntime/7.51.0"
::1 - - [10/Jan/2026:13:11:47 +0000] "POST /api/v1/budgets/categories HTTP/1.1" - - "-" "PostmanRuntime/7.51.0"
::1 - - [10/Jan/2026:13:11:47 +0000] "POST /api/v1/budgets/categories HTTP/1.1" - - "-" "PostmanRuntime/7.51.0"
::1 - - [10/Jan/2026:13:11:47 +0000] "POST /api/v1/budgets/categories HTTP/1.1" - - "-" "PostmanRuntime/7.51.0"
::1 - - [10/Jan/2026:13:11:48 +0000] "POST /api/v1/budgets/categories HTTP/1.1" - - "-" "PostmanRuntime/7.51.0"
::1 - - [10/Jan/2026:13:11:48 +0000] "POST /api/v1/budgets/categories HTTP/1.1" - - "-" "PostmanRuntime/7.51.0"
::1 - - [10/Jan/2026:13:11:48 +0000] "POST /api/v1/budgets/categories HTTP/1.1" - - "-" "PostmanRuntime/7.51.0"
::1 - - [10/Jan/2026:13:11:49 +0000] "POST /api/v1/budgets/categories HTTP/1.1" 400 - "-" "PostmanRuntime/7.51.0"
::1 - - [10/Jan/2026:13:11:51 +0000] "POST /api/v1/budgets/categories HTTP/1.1" 400 - "-" "PostmanRuntime/7.51.0"
::1 - - [10/Jan/2026:13:11:51 +0000] "POST /api/v1/budgets/categories HTTP/1.1" 400 - "-" "PostmanRuntime/7.51.0"
::1 - - [10/Jan/2026:13:11:53 +0000] "POST /api/v1/budgets/categories HTTP/1.1" 400 - "-" "PostmanRuntime/7.51.0"
::1 - - [10/Jan/2026:13:11:53 +0000] "POST /api/v1/budgets/categories HTTP/1.1" - - "-" "PostmanRuntime/7.51.0"
::1 - - [10/Jan/2026:13:11:54 +0000] "POST /api/v1/budgets/categories HTTP/1.1" - - "-" "PostmanRuntime/7.51.0"
::1 - - [10/Jan/2026:13:11:54 +0000] "POST /api/v1/budgets/categories HTTP/1.1" - - "-" "PostmanRuntime/7.51.0"
::1 - - [10/Jan/2026:13:11:55 +0000] "POST /api/v1/budgets/categories HTTP/1.1" - - "-" "PostmanRuntime/7.51.0"
::1 - - [10/Jan/2026:13:11:55 +0000] "POST /api/v1/budgets/categories HTTP/1.1" - - "-" "PostmanRuntime/7.51.0"
::1 - - [10/Jan/2026:13:11:55 +0000] "POST /api/v1/budgets/categories HTTP/1.1" - - "-" "PostmanRuntime/7.51.0"
::1 - - [10/Jan/2026:13:11:56 +0000] "POST /api/v1/budgets/categories HTTP/1.1" 400 - "-" "PostmanRuntime/7.51.0"
::1 - - [10/Jan/2026:13:13:20 +0000] "POST /api/v1/budgets/categories HTTP/1.1" 201 159 "-" "PostmanRuntime/7.51.0"
::1 - - [10/Jan/2026:13:13:36 +0000] "POST /api/v1/budgets/categories HTTP/1.1" 201 165 "-" "PostmanRuntime/7.51.0"
::1 - - [10/Jan/2026:13:17:07 +0000] "POST /api/v1/budgets/categories HTTP/1.1" 201 142 "-" "PostmanRuntime/7.51.0"
::1 - - [10/Jan/2026:13:18:01 +0000] "POST /api/v1/budgets/categories HTTP/1.1" 201 187 "-" "PostmanRuntime/7.51.0"
::1 - - [10/Jan/2026:13:18:31 +0000] "POST /api/v1/budgets/categories HTTP/1.1" 400 - "-" "PostmanRuntime/7.51.0"
::1 - - [10/Jan/2026:13:18:35 +0000] "POST /api/v1/budgets/categories HTTP/1.1" 400 - "-" "PostmanRuntime/7.51.0"
::1 - - [10/Jan/2026:13:18:40 +0000] "POST /api/v1/budgets/categories HTTP/1.1" 400 - "-" "PostmanRuntime/7.51.0"
::1 - - [10/Jan/2026:13:25:45 +0000] "POST /api/v1/budgets/categories HTTP/1.1" 201 206 "-" "PostmanRuntime/7.51.0"
::1 - - [10/Jan/2026:13:26:27 +0000] "POST /api/v1/budgets/categories HTTP/1.1" 201 199 "-" "PostmanRuntime/7.51.0"
::1 - - [10/Jan/2026:13:30:37 +0000] "GET /api/v1/budgets/categories HTTP/1.1" 200 57 "-" "PostmanRuntime/7.51.0"
::1 - - [10/Jan/2026:13:31:11 +0000] "GET /api/v1/budgets/categories HTTP/1.1" 200 381 "-" "PostmanRuntime/7.51.0"
::1 - - [10/Jan/2026:13:35:04 +0000] "GET /api/v1/budgets/categories HTTP/1.1" 200 365 "-" "PostmanRuntime/7.51.0"
::1 - - [11/Jan/2026:03:26:08 +0000] "GET /api/v1/categories HTTP/1.1" 200 365 "-" "PostmanRuntime/7.51.0"
::1 - - [11/Jan/2026:03:26:20 +0000] "POST /api/v1/categories HTTP/1.1" 400 - "-" "PostmanRuntime/7.51.0"
::1 - - [11/Jan/2026:03:30:32 +0000] "PATCH /api/v1/categories/69625383d3a7363a7002e5d3 HTTP/1.1" 404 287 "-" "PostmanRuntime/7.51.0"
::1 - - [11/Jan/2026:03:31:03 +0000] "PATCH /api/v1/categories/69625383d3a7363a7002e5d3 HTTP/1.1" 404 287 "-" "PostmanRuntime/7.51.0"
::1 - - [11/Jan/2026:03:31:24 +0000] "PATCH /api/v1/categories/69625383d3a7363a7002e5d3 HTTP/1.1" 404 287 "-" "PostmanRuntime/7.51.0"
::1 - - [11/Jan/2026:03:32:12 +0000] "PATCH /api/v1/categories/69625383d3a7363a7002e5d3 HTTP/1.1" 200 253 "-" "PostmanRuntime/7.51.0"
::1 - - [11/Jan/2026:03:33:06 +0000] "POST /api/v1/categories HTTP/1.1" 201 216 "-" "PostmanRuntime/7.51.0"
::1 - - [11/Jan/2026:03:33:47 +0000] "DELETE /api/v1/categories/696319f207668d7e63039746 HTTP/1.1" 401 - "-" "PostmanRuntime/7.51.0"
::1 - - [11/Jan/2026:03:33:53 +0000] "DELETE /api/v1/categories/696319f207668d7e63039746 HTTP/1.1" 404 287 "-" "PostmanRuntime/7.51.0"
::1 - - [11/Jan/2026:03:34:14 +0000] "DELETE /api/v1/categories/696319f207668d7e63039746 HTTP/1.1" 200 62 "-" "PostmanRuntime/7.51.0"
::1 - - [11/Jan/2026:03:34:20 +0000] "GET /api/v1/categories HTTP/1.1" 200 377 "-" "PostmanRuntime/7.51.0"
::1 - - [18/Jan/2026:14:55:59 +0000] "POST /api/v1/auth/login HTTP/1.1" 200 321 "-" "PostmanRuntime/7.51.0"
::1 - - [18/Jan/2026:14:57:21 +0000] "POST /api/v1/categories HTTP/1.1" 400 - "-" "PostmanRuntime/7.51.0"
::1 - - [18/Jan/2026:14:57:44 +0000] "POST /api/v1/categories HTTP/1.1" 400 - "-" "PostmanRuntime/7.51.0"
::1 - - [18/Jan/2026:14:58:17 +0000] "POST /api/v1/categories HTTP/1.1" 400 - "-" "PostmanRuntime/7.51.0"
::1 - - [18/Jan/2026:14:58:39 +0000] "GET /api/v1/categories HTTP/1.1" 200 542 "-" "PostmanRuntime/7.51.0"
::1 - - [18/Jan/2026:14:58:54 +0000] "DELETE /api/v1/categories/696cf4d14cea7fb3b3ace822 HTTP/1.1" 401 - "-" "PostmanRuntime/7.51.0"
::1 - - [18/Jan/2026:14:59:11 +0000] "DELETE /api/v1/categories/696cf4d14cea7fb3b3ace822 HTTP/1.1" 401 - "-" "PostmanRuntime/7.51.0"
::1 - - [18/Jan/2026:14:59:33 +0000] "DELETE /api/v1/categories/696cf4d14cea7fb3b3ace822 HTTP/1.1" 200 62 "-" "PostmanRuntime/7.51.0"
::1 - - [18/Jan/2026:14:59:39 +0000] "POST /api/v1/categories HTTP/1.1" 201 213 "-" "PostmanRuntime/7.51.0"
::1 - - [18/Jan/2026:15:00:03 +0000] "POST /api/v1/categories HTTP/1.1" 400 - "-" "PostmanRuntime/7.51.0"
::1 - - [18/Jan/2026:15:00:09 +0000] "GET /api/v1/categories HTTP/1.1" 200 721 "-" "PostmanRuntime/7.51.0"
::1 - - [18/Jan/2026:15:03:18 +0000] "DELETE /api/v1/categories/696cf573952cdef1109c1e66 HTTP/1.1" 200 62 "-" "PostmanRuntime/7.51.0"
::1 - - [18/Jan/2026:15:03:25 +0000] "POST /api/v1/categories HTTP/1.1" 400 - "-" "PostmanRuntime/7.51.0"
::1 - - [18/Jan/2026:15:03:29 +0000] "GET /api/v1/categories HTTP/1.1" 200 721 "-" "PostmanRuntime/7.51.0"
::1 - - [18/Jan/2026:15:04:22 +0000] "DELETE /api/v1/categories/696cf63d4f932fcc26da02ef HTTP/1.1" 200 62 "-" "PostmanRuntime/7.51.0"
::1 - - [18/Jan/2026:15:04:27 +0000] "GET /api/v1/categories HTTP/1.1" 200 542 "-" "PostmanRuntime/7.51.0"
::1 - - [18/Jan/2026:15:04:36 +0000] "POST /api/v1/categories HTTP/1.1" 400 - "-" "PostmanRuntime/7.51.0"
::1 - - [18/Jan/2026:15:06:29 +0000] "GET /api/v1/categories HTTP/1.1" 200 721 "-" "PostmanRuntime/7.51.0"
::1 - - [18/Jan/2026:15:06:40 +0000] "DELETE /api/v1/categories/696cf684dc66b97c7a9e3e00 HTTP/1.1" 200 62 "-" "PostmanRuntime/7.51.0"
::1 - - [18/Jan/2026:15:06:47 +0000] "POST /api/v1/categories HTTP/1.1" 500 - "-" "PostmanRuntime/7.51.0"
::1 - - [18/Jan/2026:15:07:37 +0000] "GET /api/v1/categories HTTP/1.1" 200 721 "-" "PostmanRuntime/7.51.0"
::1 - - [18/Jan/2026:15:07:43 +0000] "DELETE /api/v1/categories/696cf70652e90bb65152e1b9 HTTP/1.1" 200 62 "-" "PostmanRuntime/7.51.0"
::1 - - [18/Jan/2026:15:07:47 +0000] "GET /api/v1/categories HTTP/1.1" 200 542 "-" "PostmanRuntime/7.51.0"
::1 - - [18/Jan/2026:15:07:53 +0000] "POST /api/v1/categories HTTP/1.1" 201 269 "-" "PostmanRuntime/7.51.0"
::1 - - [18/Jan/2026:15:08:30 +0000] "DELETE /api/v1/categories/6961bc669ba4bb4d3620586e HTTP/1.1" 404 287 "-" "PostmanRuntime/7.51.0"
::1 - - [18/Jan/2026:15:08:48 +0000] "DELETE /api/v1/categories/696cf74915996f4ecf52ff78 HTTP/1.1" 200 62 "-" "PostmanRuntime/7.51.0"
::1 - - [18/Jan/2026:15:13:49 +0000] "POST /api/v1/categories HTTP/1.1" 201 241 "-" "PostmanRuntime/7.51.0"
::1 - - [18/Jan/2026:15:14:19 +0000] "POST /api/v1/budgets HTTP/1.1" 500 - "-" "PostmanRuntime/7.51.0"
::1 - - [18/Jan/2026:15:14:46 +0000] "POST /api/v1/budgets HTTP/1.1" 201 324 "-" "PostmanRuntime/7.51.0"
::1 - - [18/Jan/2026:15:16:55 +0000] "POST /api/v1/budgets HTTP/1.1" 500 - "-" "PostmanRuntime/7.51.0"
::1 - - [18/Jan/2026:15:17:04 +0000] "POST /api/v1/budgets HTTP/1.1" 500 - "-" "PostmanRuntime/7.51.0"
::1 - - [18/Jan/2026:15:17:21 +0000] "POST /api/v1/budgets HTTP/1.1" 500 - "-" "PostmanRuntime/7.51.0"
::1 - - [18/Jan/2026:15:17:50 +0000] "POST /api/v1/budgets HTTP/1.1" 500 - "-" "PostmanRuntime/7.51.0"
::1 - - [18/Jan/2026:15:18:44 +0000] "POST /api/v1/budgets HTTP/1.1" 500 - "-" "PostmanRuntime/7.51.0"
::1 - - [18/Jan/2026:15:19:32 +0000] "POST /api/v1/budgets HTTP/1.1" 500 - "-" "PostmanRuntime/7.51.0"
::1 - - [18/Jan/2026:15:21:20 +0000] "POST /api/v1/budgets HTTP/1.1" 500 - "-" "PostmanRuntime/7.51.0"
::1 - - [18/Jan/2026:15:22:02 +0000] "POST /api/v1/budgets HTTP/1.1" 500 - "-" "PostmanRuntime/7.51.0"
::1 - - [18/Jan/2026:15:22:40 +0000] "POST /api/v1/budgets HTTP/1.1" 500 - "-" "PostmanRuntime/7.51.0"
::1 - - [18/Jan/2026:15:23:11 +0000] "POST /api/v1/budgets HTTP/1.1" 500 - "-" "PostmanRuntime/7.51.0"
::1 - - [18/Jan/2026:15:23:15 +0000] "POST /api/v1/budgets HTTP/1.1" 500 - "-" "PostmanRuntime/7.51.0"
::1 - - [18/Jan/2026:15:24:03 +0000] "POST /api/v1/budgets HTTP/1.1" 500 - "-" "PostmanRuntime/7.51.0"
::1 - - [18/Jan/2026:15:26:27 +0000] "POST /api/v1/budgets HTTP/1.1" 500 - "-" "PostmanRuntime/7.51.0"
::1 - - [18/Jan/2026:15:26:41 +0000] "POST /api/v1/budgets HTTP/1.1" 500 - "-" "PostmanRuntime/7.51.0"
::1 - - [18/Jan/2026:15:27:08 +0000] "POST /api/v1/budgets HTTP/1.1" 500 - "-" "PostmanRuntime/7.51.0"
::1 - - [18/Jan/2026:15:30:07 +0000] "POST /api/v1/budgets HTTP/1.1" 500 - "-" "PostmanRuntime/7.51.0"
::1 - - [18/Jan/2026:15:31:14 +0000] "POST /api/v1/budgets HTTP/1.1" 500 - "-" "PostmanRuntime/7.51.0"
::1 - - [18/Jan/2026:15:34:00 +0000] "POST /api/v1/budgets HTTP/1.1" 400 698 "-" "PostmanRuntime/7.51.0"
::1 - - [18/Jan/2026:15:34:11 +0000] "POST /api/v1/budgets HTTP/1.1" 400 698 "-" "PostmanRuntime/7.51.0"
::1 - - [18/Jan/2026:15:35:46 +0000] "POST /api/v1/budgets HTTP/1.1" 500 - "-" "PostmanRuntime/7.51.0"
::1 - - [18/Jan/2026:15:35:58 +0000] "POST /api/v1/budgets HTTP/1.1" 500 - "-" "PostmanRuntime/7.51.0"
