::1 - - [19/Jan/2026:02:39:08 +0000] "POST /api/v1/budgets HTTP/1.1" 500 - "-" "PostmanRuntime/7.51.0"
::1 - - [19/Jan/2026:02:39:09 +0000] "POST /api/v1/budgets HTTP/1.1" 500 - "-" "PostmanRuntime/7.51.0"
::1 - - [19/Jan/2026:02:39:10 +0000] "POST /api/v1/budgets HTTP/1.1" 500 - "-" "PostmanRuntime/7.51.0"
::1 - - [19/Jan/2026:02:50:06 +0000] "POST /api/v1/budgets HTTP/1.1" 500 - "-" "PostmanRuntime/7.51.0"
::1 - - [19/Jan/2026:02:53:26 +0000] "POST /api/v1/budgets HTTP/1.1" 500 - "-" "PostmanRuntime/7.51.0"
::1 - - [19/Jan/2026:02:54:07 +0000] "POST /api/v1/budgets HTTP/1.1" 500 - "-" "PostmanRuntime/7.51.0"
::1 - - [19/Jan/2026:02:54:59 +0000] "POST /api/v1/budgets HTTP/1.1" 500 - "-" "PostmanRuntime/7.51.0"
::1 - - [19/Jan/2026:02:55:15 +0000] "POST /api/v1/budgets HTTP/1.1" 500 - "-" "PostmanRuntime/7.51.0"
::1 - - [19/Jan/2026:02:57:07 +0000] "POST /api/v1/budgets HTTP/1.1" 500 - "-" "PostmanRuntime/7.51.0"
::1 - - [19/Jan/2026:03:00:01 +0000] "POST /api/v1/budgets HTTP/1.1" 500 - "-" "PostmanRuntime/7.51.0"
::1 - - [19/Jan/2026:03:00:19 +0000] "POST /api/v1/budgets HTTP/1.1" 500 - "-" "PostmanRuntime/7.51.0"
::1 - - [19/Jan/2026:03:00:30 +0000] "POST /api/v1/budgets HTTP/1.1" 500 - "-" "PostmanRuntime/7.51.0"
::1 - - [19/Jan/2026:03:01:32 +0000] "POST /api/v1/budgets HTTP/1.1" 500 - "-" "PostmanRuntime/7.51.0"
::1 - - [19/Jan/2026:03:01:33 +0000] "POST /api/v1/budgets HTTP/1.1" 500 - "-" "PostmanRuntime/7.51.0"
::1 - - [19/Jan/2026:03:03:21 +0000] "POST /api/v1/budgets HTTP/1.1" 500 - "-" "PostmanRuntime/7.51.0"
::1 - - [19/Jan/2026:03:04:27 +0000] "POST /api/v1/budgets HTTP/1.1" 500 - "-" "PostmanRuntime/7.51.0"
::1 - - [19/Jan/2026:03:09:55 +0000] "POST /api/v1/budgets HTTP/1.1" 500 - "-" "PostmanRuntime/7.51.0"
::1 - - [19/Jan/2026:03:18:11 +0000] "GET /api/v1/budgets HTTP/1.1" 200 299 "-" "PostmanRuntime/7.51.0"
::1 - - [19/Jan/2026:03:18:42 +0000] "GET /api/v1/budgets HTTP/1.1" 200 431 "-" "PostmanRuntime/7.51.0"
::1 - - [19/Jan/2026:03:19:16 +0000] "GET /api/v1/budgets HTTP/1.1" 200 423 "-" "PostmanRuntime/7.51.0"
::1 - - [19/Jan/2026:03:19:59 +0000] "GET /api/v1/categories HTTP/1.1" 200 693 "-" "PostmanRuntime/7.51.0"
::1 - - [19/Jan/2026:03:20:24 +0000] "GET /api/v1/budgets HTTP/1.1" 500 - "-" "PostmanRuntime/7.51.0"
::1 - - [19/Jan/2026:03:28:05 +0000] "POST /api/v1/auth/register HTTP/1.1" 201 305 "-" "PostmanRuntime/7.51.0"
::1 - - [19/Jan/2026:03:30:03 +0000] "POST /api/v1/categories HTTP/1.1" 401 310 "-" "PostmanRuntime/7.51.0"
::1 - - [19/Jan/2026:03:30:26 +0000] "POST /api/v1/auth/login HTTP/1.1" 200 313 "-" "PostmanRuntime/7.51.0"
::1 - - [19/Jan/2026:03:30:36 +0000] "POST /api/v1/categories HTTP/1.1" 201 253 "-" "PostmanRuntime/7.51.0"
::1 - - [19/Jan/2026:03:30:49 +0000] "DELETE /api/v1/categories/696da55c5c5800c2420167d9 HTTP/1.1" 401 310 "-" "PostmanRuntime/7.51.0"
::1 - - [19/Jan/2026:03:31:00 +0000] "POST /api/v1/categories HTTP/1.1" 201 253 "-" "PostmanRuntime/7.51.0"
::1 - - [19/Jan/2026:03:32:30 +0000] "POST /api/v1/categories HTTP/1.1" 201 253 "-" "PostmanRuntime/7.51.0"
::1 - - [19/Jan/2026:03:35:42 +0000] "POST /api/v1/auth/register HTTP/1.1" 201 305 "-" "PostmanRuntime/7.51.0"
::1 - - [19/Jan/2026:03:36:26 +0000] "POST /api/v1/auth/register HTTP/1.1" 201 305 "-" "PostmanRuntime/7.51.0"
::1 - - [19/Jan/2026:03:37:05 +0000] "POST /api/v1/auth/register HTTP/1.1" 201 305 "-" "PostmanRuntime/7.51.0"
::1 - - [19/Jan/2026:03:39:09 +0000] "POST /api/v1/auth/register HTTP/1.1" 201 313 "-" "PostmanRuntime/7.51.0"
::1 - - [19/Jan/2026:03:39:49 +0000] "POST /api/v1/auth/register HTTP/1.1" 400 - "-" "PostmanRuntime/7.51.0"
::1 - - [19/Jan/2026:03:40:15 +0000] "POST /api/v1/auth/login HTTP/1.1" 200 321 "-" "PostmanRuntime/7.51.0"
::1 - - [19/Jan/2026:03:41:36 +0000] "POST /api/v1/categories HTTP/1.1" 201 253 "-" "PostmanRuntime/7.51.0"
::1 - - [19/Jan/2026:03:41:38 +0000] "POST /api/v1/categories HTTP/1.1" 400 - "-" "PostmanRuntime/7.51.0"
::1 - - [19/Jan/2026:03:41:48 +0000] "GET /api/v1/categories HTTP/1.1" 200 219 "-" "PostmanRuntime/7.51.0"
::1 - - [19/Jan/2026:03:44:44 +0000] "GET /api/v1/categories HTTP/1.1" 200 219 "-" "PostmanRuntime/7.51.0"
::1 - - [19/Jan/2026:03:45:00 +0000] "POST /api/v1/budgets HTTP/1.1" 401 310 "-" "PostmanRuntime/7.51.0"
::1 - - [19/Jan/2026:03:45:16 +0000] "POST /api/v1/auth/login HTTP/1.1" 200 321 "-" "PostmanRuntime/7.51.0"
::1 - - [19/Jan/2026:03:45:33 +0000] "POST /api/v1/budgets HTTP/1.1" 201 321 "-" "PostmanRuntime/7.51.0"
::1 - - [19/Jan/2026:03:46:09 +0000] "GET /api/v1/budgets HTTP/1.1" 200 432 "-" "PostmanRuntime/7.51.0"
::1 - - [19/Jan/2026:03:55:19 +0000] "GET /api/v1/budgets/696da8dd788fb2764762bbcc HTTP/1.1" 200 281 "-" "PostmanRuntime/7.51.0"
::1 - - [19/Jan/2026:03:56:11 +0000] "GET /api/v1/budgets/696da8dd788fb2764762bbcc HTTP/1.1" 404 282 "-" "PostmanRuntime/7.51.0"
::1 - - [19/Jan/2026:03:56:36 +0000] "GET /api/v1/budgets/696da8dd788fb2764762bbcc HTTP/1.1" 200 281 "-" "PostmanRuntime/7.51.0"
::1 - - [19/Jan/2026:03:57:30 +0000] "GET /api/v1/budgets HTTP/1.1" 200 432 "-" "PostmanRuntime/7.51.0"
::1 - - [19/Jan/2026:03:57:46 +0000] "GET /api/v1/budgets HTTP/1.1" 200 54 "-" "PostmanRuntime/7.51.0"
::1 - - [19/Jan/2026:03:58:00 +0000] "GET /api/v1/budgets HTTP/1.1" 200 432 "-" "PostmanRuntime/7.51.0"
::1 - - [19/Jan/2026:06:20:34 +0000] "PATCH /api/v1/budgets/696da8dd788fb2764762bbcc HTTP/1.1" 200 321 "-" "PostmanRuntime/7.51.0"
::1 - - [19/Jan/2026:06:20:49 +0000] "GET /api/v1/budgets/696da8dd788fb2764762bbcc HTTP/1.1" 200 281 "-" "PostmanRuntime/7.51.0"
::1 - - [19/Jan/2026:06:24:32 +0000] "PATCH /api/v1/budgets/696da8dd788fb2764762bbcc HTTP/1.1" 200 462 "-" "PostmanRuntime/7.51.0"
::1 - - [19/Jan/2026:06:28:52 +0000] "GET /api/v1/categories HTTP/1.1" 200 219 "-" "PostmanRuntime/7.51.0"
::1 - - [19/Jan/2026:06:29:17 +0000] "POST /api/v1/budgets HTTP/1.1" 201 323 "-" "PostmanRuntime/7.51.0"
::1 - - [19/Jan/2026:06:29:27 +0000] "GET /api/v1/budgets HTTP/1.1" 200 818 "-" "PostmanRuntime/7.51.0"
::1 - - [19/Jan/2026:06:30:22 +0000] "DELETE /api/v1/budgets/696dcf3d0dd6e207f6e34ac2 HTTP/1.1" 200 60 "-" "PostmanRuntime/7.51.0"
::1 - - [19/Jan/2026:06:30:28 +0000] "GET /api/v1/budgets HTTP/1.1" 200 437 "-" "PostmanRuntime/7.51.0"
::1 - - [19/Jan/2026:09:32:39 +0000] "GET /api/v1/budgets/696da8dd788fb2764762bbcc HTTP/1.1" 200 286 "-" "PostmanRuntime/7.51.0"
::1 - - [19/Jan/2026:09:39:08 +0000] "POST /api/v1/budgets/696da8dd788fb2764762bbcc/transactions HTTP/1.1" 404 - "-" "PostmanRuntime/7.51.0"
::1 - - [19/Jan/2026:09:39:28 +0000] "POST /api/v1/budgets/696da8dd788fb2764762bbcc/transactions HTTP/1.1" 201 343 "-" "PostmanRuntime/7.51.0"
::1 - - [19/Jan/2026:09:45:11 +0000] "POST /api/v1/budgets/696da8dd788fb2764762bbcc/transactions HTTP/1.1" 201 344 "-" "PostmanRuntime/7.51.0"
::1 - - [19/Jan/2026:10:03:48 +0000] "GET /api/v1/budgets/696da8dd788fb2764762bbcc/transactions HTTP/1.1" 200 573 "-" "PostmanRuntime/7.51.0"
::1 - - [19/Jan/2026:10:20:23 +0000] "GET /api/v1/budgets HTTP/1.1" 200 54 "-" "PostmanRuntime/7.51.0"
::1 - - [19/Jan/2026:10:20:33 +0000] "GET /api/v1/categories HTTP/1.1" 200 219 "-" "PostmanRuntime/7.51.0"
::1 - - [19/Jan/2026:10:20:56 +0000] "POST /api/v1/categories HTTP/1.1" 201 219 "-" "PostmanRuntime/7.51.0"
::1 - - [19/Jan/2026:10:21:07 +0000] "GET /api/v1/categories HTTP/1.1" 200 348 "-" "PostmanRuntime/7.51.0"
::1 - - [19/Jan/2026:10:21:21 +0000] "POST /api/v1/budgets HTTP/1.1" 201 339 "-" "PostmanRuntime/7.51.0"
::1 - - [19/Jan/2026:10:30:58 +0000] "GET /api/v1/budgets HTTP/1.1" 200 416 "-" "PostmanRuntime/7.51.0"
::1 - - [19/Jan/2026:10:31:20 +0000] "POST /api/v1/budgets/696da8dd788fb2764762bbcc/transactions HTTP/1.1" 201 344 "-" "PostmanRuntime/7.51.0"
::1 - - [19/Jan/2026:10:34:53 +0000] "POST /api/v1/budgets/696da8dd788fb2764762bbcc/transactions HTTP/1.1" 404 286 "-" "PostmanRuntime/7.51.0"
::1 - - [19/Jan/2026:10:41:21 +0000] "GET /api/v1/budgets/696da8dd788fb2764762bbcc/transactions HTTP/1.1" 200 59 "-" "PostmanRuntime/7.51.0"
::1 - - [19/Jan/2026:10:41:29 +0000] "GET /api/v1/budgets/696e05a1f2c877f6e76328ca/transactions HTTP/1.1" 200 59 "-" "PostmanRuntime/7.51.0"
::1 - - [19/Jan/2026:10:41:46 +0000] "POST /api/v1/budgets/696e05a1f2c877f6e76328ca/transactions HTTP/1.1" 201 344 "-" "PostmanRuntime/7.51.0"
::1 - - [19/Jan/2026:10:42:00 +0000] "GET /api/v1/budgets HTTP/1.1" 200 442 "-" "PostmanRuntime/7.51.0"
::1 - - [19/Jan/2026:10:42:45 +0000] "GET /api/v1/budgets HTTP/1.1" 200 340 "-" "PostmanRuntime/7.51.0"
::1 - - [19/Jan/2026:10:43:06 +0000] "GET /api/v1/budgets HTTP/1.1" 200 673 "-" "PostmanRuntime/7.51.0"
::1 - - [19/Jan/2026:10:45:41 +0000] "GET /api/v1/budgets/696e05a1f2c877f6e76328ca/transactions HTTP/1.1" 200 316 "-" "PostmanRuntime/7.51.0"
::1 - - [19/Jan/2026:10:45:55 +0000] "GET /api/v1/budgets/696e05a1f2c877f6e76328cz/transactions HTTP/1.1" 400 - "-" "PostmanRuntime/7.51.0"
::1 - - [19/Jan/2026:10:48:42 +0000] "GET /api/v1/budgets/696e05a1f2c877f6e76328ca/transactions HTTP/1.1" 200 316 "-" "PostmanRuntime/7.51.0"
::1 - - [19/Jan/2026:10:48:59 +0000] "POST /api/v1/budgets/696e05a1f2c877f6e76328ca/transactions HTTP/1.1" 201 342 "-" "PostmanRuntime/7.51.0"
::1 - - [19/Jan/2026:10:49:35 +0000] "GET /api/v1/budgets HTTP/1.1" 200 929 "-" "PostmanRuntime/7.51.0"
::1 - - [19/Jan/2026:10:49:50 +0000] "GET /api/v1/budgets/696e05a1f2c877f6e76328ca/transactions HTTP/1.1" 200 572 "-" "PostmanRuntime/7.51.0"
::1 - - [19/Jan/2026:10:50:06 +0000] "POST /api/v1/budgets/696e05a1f2c877f6e76328cz/transactions HTTP/1.1" 400 - "-" "PostmanRuntime/7.51.0"
::1 - - [19/Jan/2026:10:52:16 +0000] "POST /api/v1/budgets/696e05a1f2c877f6e76328cz/transactions HTTP/1.1" 400 - "-" "PostmanRuntime/7.51.0"
::1 - - [19/Jan/2026:10:52:19 +0000] "POST /api/v1/budgets/696e05a1f2c877f6e76328cz/transactions HTTP/1.1" 400 - "-" "PostmanRuntime/7.51.0"
::1 - - [19/Jan/2026:10:52:20 +0000] "POST /api/v1/budgets/696e05a1f2c877f6e76328cz/transactions HTTP/1.1" 400 - "-" "PostmanRuntime/7.51.0"
::1 - - [19/Jan/2026:10:52:20 +0000] "POST /api/v1/budgets/696e05a1f2c877f6e76328cz/transactions HTTP/1.1" 400 - "-" "PostmanRuntime/7.51.0"
::1 - - [19/Jan/2026:10:53:04 +0000] "POST /api/v1/budgets/696e05a1f2c877f6e76328cz/transactions HTTP/1.1" 400 - "-" "PostmanRuntime/7.51.0"
::1 - - [19/Jan/2026:10:53:54 +0000] "POST /api/v1/budgets/696e05a1f2c877f6e76328cz/transactions HTTP/1.1" 500 - "-" "PostmanRuntime/7.51.0"
::1 - - [19/Jan/2026:10:55:12 +0000] "POST /api/v1/budgets/696e05a1f2c877f6e76328cz/transactions HTTP/1.1" 500 - "-" "PostmanRuntime/7.51.0"
::1 - - [19/Jan/2026:10:55:31 +0000] "POST /api/v1/budgets/696e05a1f2c877f6e76328cz/transactions HTTP/1.1" 500 - "-" "PostmanRuntime/7.51.0"
::1 - - [19/Jan/2026:10:55:54 +0000] "GET /api/v1/budgets/696e05a1f2c877f6e76328cz/transactions HTTP/1.1" 500 - "-" "PostmanRuntime/7.51.0"
::1 - - [19/Jan/2026:10:56:10 +0000] "GET /api/v1/budgets/696e05a1f2c877f6e76328ca/transactions HTTP/1.1" 200 572 "-" "PostmanRuntime/7.51.0"
::1 - - [19/Jan/2026:11:01:07 +0000] "POST /api/v1/budgets/696e05a1f2c877f6e76328cz/transactions HTTP/1.1" 500 - "-" "PostmanRuntime/7.51.0"
::1 - - [19/Jan/2026:11:01:44 +0000] "POST /api/v1/budgets/696e05a1f2c877f6e76328cz/transactions HTTP/1.1" 500 - "-" "PostmanRuntime/7.51.0"
::1 - - [19/Jan/2026:11:02:57 +0000] "POST /api/v1/budgets/696e05a1f2c877f6e76328cz/transactions HTTP/1.1" 500 - "-" "PostmanRuntime/7.51.0"
::1 - - [19/Jan/2026:11:03:19 +0000] "GET /api/v1/budgets/696e05a1f2c877f6e76328ca/transactions HTTP/1.1" 200 572 "-" "PostmanRuntime/7.51.0"
::1 - - [19/Jan/2026:11:03:36 +0000] "GET /api/v1/budgets/696e05a1f2c877f6e76328ca/transactions HTTP/1.1" 200 572 "-" "PostmanRuntime/7.51.0"
::1 - - [19/Jan/2026:11:04:32 +0000] "GET /api/v1/budgets/696e05a1f2c877f6e76328ca/transactions HTTP/1.1" 200 572 "-" "PostmanRuntime/7.51.0"
::1 - - [19/Jan/2026:11:04:48 +0000] "GET /api/v1/budgets/696e05a1f2c877f6e76328ca/transactions HTTP/1.1" 200 572 "-" "PostmanRuntime/7.51.0"
::1 - - [19/Jan/2026:11:05:21 +0000] "POST /api/v1/budgets/696e05a1f2c877f6e76328ca/transactions HTTP/1.1" 201 343 "-" "PostmanRuntime/7.51.0"
::1 - - [19/Jan/2026:11:05:26 +0000] "GET /api/v1/budgets/696e05a1f2c877f6e76328ca/transactions HTTP/1.1" 200 829 "-" "PostmanRuntime/7.51.0"
::1 - - [19/Jan/2026:11:05:35 +0000] "GET /api/v1/budgets HTTP/1.1" 200 - "-" "PostmanRuntime/7.51.0"
::1 - - [22/Feb/2026:03:35:18 +0000] "POST /api/v1/auth/login HTTP/1.1" 200 368 "-" "PostmanRuntime/7.51.1"
::1 - - [22/Feb/2026:03:41:38 +0000] "GET /api/v1/budgets/696ee35902e815a899fb170b HTTP/1.1" 401 - "-" "PostmanRuntime/7.51.1"
::1 - - [22/Feb/2026:03:41:52 +0000] "GET /api/v1/budgets/696ee35902e815a899fb170b HTTP/1.1" 404 317 "-" "PostmanRuntime/7.51.1"
::1 - - [22/Feb/2026:03:41:57 +0000] "GET /api/v1/budgets HTTP/1.1" 200 54 "-" "PostmanRuntime/7.51.1"
::1 - - [22/Feb/2026:03:42:08 +0000] "GET /api/v1/categories HTTP/1.1" 200 - "-" "PostmanRuntime/7.51.1"
::1 - - [22/Feb/2026:03:42:38 +0000] "POST /api/v1/budgets HTTP/1.1" 201 349 "-" "PostmanRuntime/7.51.1"
::1 - - [22/Feb/2026:03:42:44 +0000] "GET /api/v1/budgets/696ee35902e815a899fb170b HTTP/1.1" 404 317 "-" "PostmanRuntime/7.51.1"
::1 - - [22/Feb/2026:03:42:50 +0000] "GET /api/v1/budgets HTTP/1.1" 200 433 "-" "PostmanRuntime/7.51.1"
::1 - - [22/Feb/2026:03:42:57 +0000] "GET /api/v1/budgets/699a7b2e554ed1c166e9933a HTTP/1.1" 200 309 "-" "PostmanRuntime/7.51.1"
::1 - - [22/Feb/2026:06:43:06 +0000] "GET /api/v1/budgets/699a7b2e554ed1c166e9933a HTTP/1.1" 401 - "-" "PostmanRuntime/7.51.1"
::1 - - [22/Feb/2026:06:43:18 +0000] "POST /api/v1/auth/login HTTP/1.1" 200 368 "-" "PostmanRuntime/7.51.1"
::1 - - [22/Feb/2026:06:43:40 +0000] "GET /api/v1/budgets/699a7b2e554ed1c166e9933a HTTP/1.1" 200 309 "-" "PostmanRuntime/7.51.1"
::1 - - [22/Feb/2026:06:44:33 +0000] "GET /api/v1/budgets/699a7b2e554ed1c166e9933a HTTP/1.1" 200 309 "-" "PostmanRuntime/7.51.1"
::1 - - [22/Feb/2026:06:45:09 +0000] "POST /api/v1/budgets/699a7b2e554ed1c166e9933a/transactions HTTP/1.1" 201 361 "-" "PostmanRuntime/7.51.1"
::1 - - [22/Feb/2026:06:45:13 +0000] "GET /api/v1/budgets/699a7b2e554ed1c166e9933a HTTP/1.1" 200 335 "-" "PostmanRuntime/7.51.1"
::1 - - [22/Feb/2026:06:46:20 +0000] "GET /api/v1/budgets/699a7b2e554ed1c166e9933a HTTP/1.1" 200 583 "-" "PostmanRuntime/7.51.1"
::1 - - [22/Feb/2026:06:51:00 +0000] "GET /api/v1/budgets/699a7b2e554ed1c166e9933a HTTP/1.1" 200 583 "-" "PostmanRuntime/7.51.1"
::1 - - [22/Feb/2026:06:52:10 +0000] "GET /api/v1/budgets/699a7b2e554ed1c166e9933a HTTP/1.1" 200 583 "-" "PostmanRuntime/7.51.1"
::1 - - [22/Feb/2026:07:38:16 +0000] "GET /api/v1/budgets/699a7b2e554ed1c166e9933a HTTP/1.1" 401 - "-" "PostmanRuntime/7.51.1"
::1 - - [22/Feb/2026:07:38:56 +0000] "GET /api/v1/budgets/699a7b2e554ed1c166e9933a HTTP/1.1" 401 - "-" "PostmanRuntime/7.51.1"
::1 - - [22/Feb/2026:07:39:48 +0000] "GET /api/v1/budgets/699a7b2e554ed1c166e9933a HTTP/1.1" 401 - "-" "PostmanRuntime/7.51.1"
::1 - - [22/Feb/2026:07:40:43 +0000] "POST /api/v1/auth/login HTTP/1.1" 200 368 "-" "PostmanRuntime/7.51.1"
::1 - - [22/Feb/2026:07:41:35 +0000] "GET /api/v1/budgets/699a7b2e554ed1c166e9933a HTTP/1.1" 200 583 "-" "PostmanRuntime/7.51.1"
::1 - - [22/Feb/2026:07:41:43 +0000] "GET /api/v1/budgets/699a7b2e554ed1c166e9933a HTTP/1.1" 500 568 "-" "PostmanRuntime/7.51.1"
::1 - - [22/Feb/2026:07:43:12 +0000] "GET /api/v1/budgets/699a7b2e554ed1c166e9933a HTTP/1.1" 500 568 "-" "PostmanRuntime/7.51.1"
::1 - - [22/Feb/2026:07:43:17 +0000] "GET /api/v1/budgets/699a7b2e554ed1c166e9933a HTTP/1.1" 500 568 "-" "PostmanRuntime/7.51.1"
::1 - - [22/Feb/2026:07:44:10 +0000] "GET /api/v1/budgets/699a7b2e554ed1c166e9933a HTTP/1.1" 500 568 "-" "PostmanRuntime/7.51.1"
::1 - - [22/Feb/2026:07:44:27 +0000] "GET /api/v1/budgets/699a7b2e554ed1c166e9933a HTTP/1.1" 500 567 "-" "PostmanRuntime/7.51.1"
::1 - - [22/Feb/2026:07:44:39 +0000] "GET /api/v1/budgets/699a7b2e554ed1c166e9933a HTTP/1.1" 500 567 "-" "PostmanRuntime/7.51.1"
::1 - - [22/Feb/2026:07:44:47 +0000] "GET /api/v1/budgets/699a7b2e554ed1c166e9933a HTTP/1.1" 500 567 "-" "PostmanRuntime/7.51.1"
::1 - - [22/Feb/2026:07:50:00 +0000] "GET /api/v1/budgets/699a7b2e554ed1c166e9933a HTTP/1.1" 500 561 "-" "PostmanRuntime/7.51.1"
::1 - - [22/Feb/2026:08:17:49 +0000] "GET /api/v1/budgets/699a7b2e554ed1c166e9933a HTTP/1.1" 401 - "-" "PostmanRuntime/7.51.1"
::1 - - [22/Feb/2026:08:17:54 +0000] "POST /api/v1/auth/login HTTP/1.1" 200 368 "-" "PostmanRuntime/7.51.1"
::1 - - [22/Feb/2026:08:22:55 +0000] "GET /api/v1/budgets/699a7b2e554ed1c166e9933a HTTP/1.1" 200 583 "-" "PostmanRuntime/7.51.1"
::1 - - [22/Feb/2026:08:23:05 +0000] "GET /api/v1/budgets/699a7b2e554ed1c166e9933a HTTP/1.1" 200 583 "-" "PostmanRuntime/7.51.1"
::1 - - [22/Feb/2026:08:23:07 +0000] "GET /api/v1/budgets/699a7b2e554ed1c166e9933a HTTP/1.1" 200 583 "-" "PostmanRuntime/7.51.1"
::1 - - [22/Feb/2026:08:23:44 +0000] "GET /api/v1/budgets/699a7b2e554ed1c166e9933a HTTP/1.1" 200 583 "-" "PostmanRuntime/7.51.1"
::1 - - [22/Feb/2026:08:23:53 +0000] "GET /api/v1/budgets/699a7b2e554ed1c166e9933a HTTP/1.1" 200 583 "-" "PostmanRuntime/7.51.1"
::1 - - [22/Feb/2026:08:24:06 +0000] "GET /api/v1/budgets/699a7b2e554ed1c166e9933a HTTP/1.1" 200 583 "-" "PostmanRuntime/7.51.1"
::1 - - [22/Feb/2026:08:24:08 +0000] "GET /api/v1/budgets/699a7b2e554ed1c166e9933a HTTP/1.1" 200 583 "-" "PostmanRuntime/7.51.1"
::1 - - [22/Feb/2026:08:24:09 +0000] "GET /api/v1/budgets/699a7b2e554ed1c166e9933a HTTP/1.1" 200 583 "-" "PostmanRuntime/7.51.1"
::1 - - [22/Feb/2026:08:24:11 +0000] "GET /api/v1/budgets/699a7b2e554ed1c166e9933a HTTP/1.1" 200 583 "-" "PostmanRuntime/7.51.1"
::1 - - [22/Feb/2026:08:24:12 +0000] "GET /api/v1/budgets/699a7b2e554ed1c166e9933a HTTP/1.1" 200 583 "-" "PostmanRuntime/7.51.1"
::1 - - [22/Feb/2026:08:24:13 +0000] "GET /api/v1/budgets/699a7b2e554ed1c166e9933a HTTP/1.1" 200 583 "-" "PostmanRuntime/7.51.1"
::1 - - [22/Feb/2026:08:24:23 +0000] "GET /api/v1/budgets/699a7b2e554ed1c166e9933a HTTP/1.1" 200 583 "-" "PostmanRuntime/7.51.1"
::1 - - [22/Feb/2026:08:24:25 +0000] "GET /api/v1/budgets/699a7b2e554ed1c166e9933a HTTP/1.1" 200 583 "-" "PostmanRuntime/7.51.1"
::1 - - [22/Feb/2026:08:24:26 +0000] "GET /api/v1/budgets/699a7b2e554ed1c166e9933a HTTP/1.1" 200 583 "-" "PostmanRuntime/7.51.1"
::1 - - [22/Feb/2026:08:25:16 +0000] "GET /api/v1/budgets/699a7b2e554ed1c166e9933a HTTP/1.1" 200 583 "-" "PostmanRuntime/7.51.1"
::1 - - [22/Feb/2026:14:54:14 +0000] "POST /api/v1/auth/login HTTP/1.1" 200 368 "-" "PostmanRuntime/7.51.1"
::1 - - [22/Feb/2026:14:54:49 +0000] "GET /api/v1/budgets/699a7b2e554ed1c166e9933a HTTP/1.1" 500 715 "-" "PostmanRuntime/7.51.1"
::1 - - [22/Feb/2026:14:56:08 +0000] "GET /api/v1/budgets/699a7b2e554ed1c166e9933a HTTP/1.1" 200 583 "-" "PostmanRuntime/7.51.1"
::1 - - [22/Feb/2026:15:02:01 +0000] "GET /api/v1/budgets/699a7b2e554ed1c166e9933a HTTP/1.1" 200 583 "-" "PostmanRuntime/7.51.1"
::1 - - [22/Feb/2026:15:02:03 +0000] "GET /api/v1/budgets/699a7b2e554ed1c166e9933a HTTP/1.1" 200 583 "-" "PostmanRuntime/7.51.1"
::1 - - [22/Feb/2026:15:02:22 +0000] "GET /api/v1/budgets/699a7b2e554ed1c166e9933a HTTP/1.1" 200 583 "-" "PostmanRuntime/7.51.1"
::1 - - [22/Feb/2026:15:02:23 +0000] "GET /api/v1/budgets/699a7b2e554ed1c166e9933a HTTP/1.1" 200 583 "-" "PostmanRuntime/7.51.1"
::1 - - [22/Feb/2026:15:02:25 +0000] "GET /api/v1/budgets/699a7b2e554ed1c166e9933a HTTP/1.1" 200 583 "-" "PostmanRuntime/7.51.1"
::1 - - [22/Feb/2026:15:02:38 +0000] "GET /api/v1/budgets/699a7b2e554ed1c166e9933a HTTP/1.1" 200 583 "-" "PostmanRuntime/7.51.1"
::1 - - [22/Feb/2026:15:08:12 +0000] "GET /api/v1/categories HTTP/1.1" 200 - "-" "PostmanRuntime/7.51.1"
::1 - - [22/Feb/2026:15:08:40 +0000] "POST /api/v1/budgets HTTP/1.1" 201 349 "-" "PostmanRuntime/7.51.1"
::1 - - [22/Feb/2026:15:08:52 +0000] "GET /api/v1/budgets HTTP/1.1" 200 - "-" "PostmanRuntime/7.51.1"
::1 - - [22/Feb/2026:15:12:40 +0000] "GET /api/v1/budgets HTTP/1.1" 200 - "-" "PostmanRuntime/7.51.1"
::1 - - [22/Feb/2026:15:13:18 +0000] "POST /api/v1/budgets HTTP/1.1" 201 349 "-" "PostmanRuntime/7.51.1"
::1 - - [22/Feb/2026:15:13:29 +0000] "GET /api/v1/budgets HTTP/1.1" 200 - "-" "PostmanRuntime/7.51.1"
::1 - - [22/Feb/2026:15:14:25 +0000] "POST /api/v1/budgets HTTP/1.1" 201 350 "-" "PostmanRuntime/7.51.1"
::1 - - [22/Feb/2026:15:14:57 +0000] "GET /api/v1/budgets HTTP/1.1" 200 - "-" "PostmanRuntime/7.51.1"
::1 - - [22/Feb/2026:15:20:24 +0000] "GET /api/v1/budgets/699a7b2e554ed1c166e9933a HTTP/1.1" 200 583 "-" "PostmanRuntime/7.51.1"
::1 - - [22/Feb/2026:15:24:18 +0000] "GET /api/v1/budgets/699b1d5195c84e33dcf2080a HTTP/1.1" 401 - "-" "PostmanRuntime/7.51.1"
::1 - - [22/Feb/2026:15:24:26 +0000] "POST /api/v1/auth/login HTTP/1.1" 200 368 "-" "PostmanRuntime/7.51.1"
::1 - - [22/Feb/2026:15:24:47 +0000] "GET /api/v1/budgets/699b1d5195c84e33dcf2080a HTTP/1.1" 200 310 "-" "PostmanRuntime/7.51.1"
::1 - - [22/Feb/2026:15:25:35 +0000] "GET /api/v1/budgets HTTP/1.1" 200 - "-" "PostmanRuntime/7.51.1"
::1 - - [22/Feb/2026:15:27:19 +0000] "PATCH /api/v1/budgets/699b1d5195c84e33dcf2080a HTTP/1.1" 200 479 "-" "PostmanRuntime/7.51.1"
::1 - - [22/Feb/2026:15:27:30 +0000] "GET /api/v1/budgets/699b1d5195c84e33dcf2080a HTTP/1.1" 200 314 "-" "PostmanRuntime/7.51.1"
::1 - - [22/Feb/2026:15:28:40 +0000] "PATCH /api/v1/budgets/699b1d5195c84e33dcf2080a HTTP/1.1" 200 475 "-" "PostmanRuntime/7.51.1"
::1 - - [22/Feb/2026:15:28:45 +0000] "GET /api/v1/budgets/699b1d5195c84e33dcf2080a HTTP/1.1" 500 568 "-" "PostmanRuntime/7.51.1"
::1 - - [22/Feb/2026:15:28:59 +0000] "GET /api/v1/budgets/699b1d5195c84e33dcf2080a HTTP/1.1" 200 310 "-" "PostmanRuntime/7.51.1"
::1 - - [22/Feb/2026:15:31:06 +0000] "DELETE /api/v1/budgets/699a7b2e554ed1c166e9933a HTTP/1.1" 200 60 "-" "PostmanRuntime/7.51.1"
::1 - - [22/Feb/2026:15:32:41 +0000] "GET /api/v1/budgets/699a7b2e554ed1c166e9933a HTTP/1.1" 404 317 "-" "PostmanRuntime/7.51.1"
::1 - - [22/Feb/2026:15:36:40 +0000] "GET /api/v1/budgets HTTP/1.1" 200 - "-" "PostmanRuntime/7.51.1"
::1 - - [22/Feb/2026:16:10:58 +0000] "GET /api/v1/budgets/699b1bf8297cb359b1759de4 HTTP/1.1" 401 - "-" "PostmanRuntime/7.51.1"
::1 - - [22/Feb/2026:16:11:04 +0000] "POST /api/v1/auth/login HTTP/1.1" 200 368 "-" "PostmanRuntime/7.51.1"
::1 - - [22/Feb/2026:16:11:19 +0000] "GET /api/v1/budgets/699b1bf8297cb359b1759de4 HTTP/1.1" 200 309 "-" "PostmanRuntime/7.51.1"
::1 - - [22/Feb/2026:16:11:42 +0000] "DELETE /api/v1/budgets/699b1bf8297cb359b1759de4 HTTP/1.1" 200 60 "-" "PostmanRuntime/7.51.1"
::1 - - [22/Feb/2026:16:12:19 +0000] "GET /api/v1/budgets HTTP/1.1" 200 819 "-" "PostmanRuntime/7.51.1"
::1 - - [22/Feb/2026:16:12:32 +0000] "GET /api/v1/budgets HTTP/1.1" 200 819 "-" "PostmanRuntime/7.51.1"
::1 - - [22/Feb/2026:16:28:59 +0000] "GET /api/v1/budgets HTTP/1.1" 200 819 "-" "PostmanRuntime/7.51.1"
::1 - - [22/Feb/2026:16:29:05 +0000] "GET /api/v1/budgets HTTP/1.1" 200 819 "-" "PostmanRuntime/7.51.1"
::1 - - [22/Feb/2026:16:29:07 +0000] "GET /api/v1/budgets HTTP/1.1" 200 819 "-" "PostmanRuntime/7.51.1"
::1 - - [22/Feb/2026:16:29:09 +0000] "GET /api/v1/budgets HTTP/1.1" 200 819 "-" "PostmanRuntime/7.51.1"
::1 - - [22/Feb/2026:16:29:14 +0000] "GET /api/v1/budgets HTTP/1.1" 200 819 "-" "PostmanRuntime/7.51.1"
::1 - - [22/Feb/2026:16:29:33 +0000] "GET /api/v1/budgets HTTP/1.1" 200 819 "-" "PostmanRuntime/7.51.1"
::1 - - [22/Feb/2026:16:50:42 +0000] "GET /api/v1/budgets HTTP/1.1" 401 - "-" "PostmanRuntime/7.51.1"
::1 - - [22/Feb/2026:16:50:48 +0000] "POST /api/v1/auth/login HTTP/1.1" 200 368 "-" "PostmanRuntime/7.51.1"
::1 - - [22/Feb/2026:16:51:01 +0000] "POST /api/v1/auth/login HTTP/1.1" 200 368 "-" "PostmanRuntime/7.51.1"
::1 - - [22/Feb/2026:16:51:24 +0000] "GET /api/v1/budgets HTTP/1.1" 200 819 "-" "PostmanRuntime/7.51.1"
::1 - - [22/Feb/2026:16:51:27 +0000] "GET /api/v1/budgets HTTP/1.1" 200 819 "-" "PostmanRuntime/7.51.1"
::1 - - [22/Feb/2026:16:51:29 +0000] "GET /api/v1/budgets HTTP/1.1" 200 819 "-" "PostmanRuntime/7.51.1"
